# JRE version: Java(TM) SE Runtime Environment (9.0+11) (build 9.0.4+11)
# Java VM: Java HotSpot(TM) 64-Bit Server VM (9.0.4+11, mixed mode, tiered, compressed oops, g1 gc, windows-amd64)
Heap:
 garbage-first heap   total 181248K, used 64789K [0x0000000700000000, 0x0000000700100588, 0x00000007c0000000)
  region size 1024K, 4 young (4096K), 1 survivors (1024K)
 Metaspace       used 79979K, capacity 85293K, committed 85628K, reserved 1122304K
  class space    used 10917K, capacity 11853K, committed 11900K, reserved 1048576K
GC Heap History (10 events):
Event: 219.722 GC heap before
{Heap before GC invocations=141 (full 89):
 garbage-first heap   total 181248K, used 64302K [0x0000000700000000, 0x0000000700100588, 0x00000007c0000000)
  region size 1024K, 3 young (3072K), 0 survivors (0K)
 Metaspace       used 79902K, capacity 85229K, committed 85372K, reserved 1122304K
  class space    used 10917K, capacity 11853K, committed 11900K, reserved 1048576K
}
Event: 219.914 GC heap after
{Heap after GC invocations=142 (full 90):
 garbage-first heap   total 181248K, used 62245K [0x0000000700000000, 0x0000000700100588, 0x00000007c0000000)
  region size 1024K, 0 young (0K), 0 survivors (0K)
 Metaspace       used 79902K, capacity 85229K, committed 85372K, reserved 1122304K
  class space    used 10917K, capacity 11853K, committed 11900K, reserved 1048576K
}
Event: 220.000 GC heap before
{Heap before GC invocations=142 (full 90):
 garbage-first heap   total 181248K, used 65317K [0x0000000700000000, 0x0000000700100588, 0x00000007c0000000)
  region size 1024K, 4 young (4096K), 0 survivors (0K)
 Metaspace       used 79902K, capacity 85229K, committed 85372K, reserved 1122304K
  class space    used 10917K, capacity 11853K, committed 11900K, reserved 1048576K
}
Event: 220.200 GC heap after
{Heap after GC invocations=143 (full 91):
 garbage-first heap   total 181248K, used 62241K [0x0000000700000000, 0x0000000700100588, 0x00000007c0000000)
  region size 1024K, 0 young (0K), 0 survivors (0K)
 Metaspace       used 79902K, capacity 85229K, committed 85372K, reserved 1122304K
  class space    used 10917K, capacity 11853K, committed 11900K, reserved 1048576K
}
Event: 220.279 GC heap before
{Heap before GC invocations=143 (full 91):
 garbage-first heap   total 181248K, used 64289K [0x0000000700000000, 0x0000000700100588, 0x00000007c0000000)
  region size 1024K, 3 young (3072K), 0 survivors (0K)
 Metaspace       used 79905K, capacity 85229K, committed 85372K, reserved 1122304K
  class space    used 10917K, capacity 11853K, committed 11900K, reserved 1048576K
}
Event: 220.468 GC heap after
{Heap after GC invocations=144 (full 92):
 garbage-first heap   total 181248K, used 62224K [0x0000000700000000, 0x0000000700100588, 0x00000007c0000000)
  region size 1024K, 0 young (0K), 0 survivors (0K)
 Metaspace       used 79905K, capacity 85229K, committed 85372K, reserved 1122304K
  class space    used 10917K, capacity 11853K, committed 11900K, reserved 1048576K
}
Event: 220.722 GC heap before
{Heap before GC invocations=144 (full 92):
 garbage-first heap   total 181248K, used 64272K [0x0000000700000000, 0x0000000700100588, 0x00000007c0000000)
  region size 1024K, 3 young (3072K), 0 survivors (0K)
 Metaspace       used 79905K, capacity 85229K, committed 85372K, reserved 1122304K
  class space    used 10917K, capacity 11853K, committed 11900K, reserved 1048576K
}
Event: 220.913 GC heap after
{Heap after GC invocations=145 (full 93):
 garbage-first heap   total 181248K, used 62224K [0x0000000700000000, 0x0000000700100588, 0x00000007c0000000)
  region size 1024K, 0 young (0K), 0 survivors (0K)
 Metaspace       used 79905K, capacity 85229K, committed 85372K, reserved 1122304K
  class space    used 10917K, capacity 11853K, committed 11900K, reserved 1048576K
}
Event: 273.019 GC heap before
{Heap before GC invocations=145 (full 93):
 garbage-first heap   total 181248K, used 123664K [0x0000000700000000, 0x0000000700100588, 0x00000007c0000000)
  region size 1024K, 60 young (61440K), 0 survivors (0K)
 Metaspace       used 79979K, capacity 85293K, committed 85628K, reserved 1122304K
  class space    used 10917K, capacity 11853K, committed 11900K, reserved 1048576K
}
Event: 273.024 GC heap after
{Heap after GC invocations=146 (full 93):
 garbage-first heap   total 181248K, used 62741K [0x0000000700000000, 0x0000000700100588, 0x00000007c0000000)
  region size 1024K, 1 young (1024K), 1 survivors (1024K)
 Metaspace       used 79979K, capacity 85293K, committed 85628K, reserved 1122304K
  class space    used 10917K, capacity 11853K, committed 11900K, reserved 1048576K
}

