# JRE version: Java(TM) SE Runtime Environment (9.0+11) (build 9.0.4+11)
# Java VM: Java HotSpot(TM) 64-Bit Server VM (9.0.4+11, mixed mode, tiered, compressed oops, g1 gc, windows-amd64)
Heap:
 garbage-first heap   total 245760K, used 104057K [0x0000000700000000, 0x0000000700100780, 0x00000007c0000000)
  region size 1024K, 31 young (31744K), 1 survivors (1024K)
 Metaspace       used 85525K, capacity 87343K, committed 94844K, reserved 1130496K
  class space    used 11017K, capacity 11392K, committed 12924K, reserved 1048576K
GC Heap History (10 events):
Event: 7773.804 GC heap before
{Heap before GC invocations=1091 (full 607):
 garbage-first heap   total 246784K, used 75797K [0x0000000700000000, 0x0000000700100788, 0x00000007c0000000)
  region size 1024K, 3 young (3072K), 0 survivors (0K)
 Metaspace       used 85522K, capacity 87279K, committed 94844K, reserved 1130496K
  class space    used 11017K, capacity 11392K, committed 12924K, reserved 1048576K
}
Event: 7774.051 GC heap after
{Heap after GC invocations=1092 (full 608):
 garbage-first heap   total 245760K, used 73611K [0x0000000700000000, 0x0000000700100780, 0x00000007c0000000)
  region size 1024K, 0 young (0K), 0 survivors (0K)
 Metaspace       used 85522K, capacity 87279K, committed 94844K, reserved 1130496K
  class space    used 11017K, capacity 11392K, committed 12924K, reserved 1048576K
}
Event: 7774.166 GC heap before
{Heap before GC invocations=1092 (full 608):
 garbage-first heap   total 245760K, used 75659K [0x0000000700000000, 0x0000000700100780, 0x00000007c0000000)
  region size 1024K, 3 young (3072K), 0 survivors (0K)
 Metaspace       used 85522K, capacity 87279K, committed 94844K, reserved 1130496K
  class space    used 11017K, capacity 11392K, committed 12924K, reserved 1048576K
}
Event: 7774.373 GC heap after
{Heap after GC invocations=1093 (full 609):
 garbage-first heap   total 245760K, used 73608K [0x0000000700000000, 0x0000000700100780, 0x00000007c0000000)
  region size 1024K, 0 young (0K), 0 survivors (0K)
 Metaspace       used 85522K, capacity 87279K, committed 94844K, reserved 1130496K
  class space    used 11017K, capacity 11392K, committed 12924K, reserved 1048576K
}
Event: 7776.806 GC heap before
{Heap before GC invocations=1093 (full 609):
 garbage-first heap   total 245760K, used 98184K [0x0000000700000000, 0x0000000700100780, 0x00000007c0000000)
  region size 1024K, 25 young (25600K), 0 survivors (0K)
 Metaspace       used 85522K, capacity 87279K, committed 94844K, reserved 1130496K
  class space    used 11017K, capacity 11392K, committed 12924K, reserved 1048576K
}
Event: 7777.022 GC heap after
{Heap after GC invocations=1094 (full 610):
 garbage-first heap   total 245760K, used 73557K [0x0000000700000000, 0x0000000700100780, 0x00000007c0000000)
  region size 1024K, 0 young (0K), 0 survivors (0K)
 Metaspace       used 85522K, capacity 87279K, committed 94844K, reserved 1130496K
  class space    used 11017K, capacity 11392K, committed 12924K, reserved 1048576K
}
Event: 7779.024 GC heap before
{Heap before GC invocations=1094 (full 610):
 garbage-first heap   total 245760K, used 134997K [0x0000000700000000, 0x0000000700100780, 0x00000007c0000000)
  region size 1024K, 60 young (61440K), 0 survivors (0K)
 Metaspace       used 85522K, capacity 87279K, committed 94844K, reserved 1130496K
  class space    used 11017K, capacity 11392K, committed 12924K, reserved 1048576K
}
Event: 7779.028 GC heap after
{Heap after GC invocations=1095 (full 610):
 garbage-first heap   total 245760K, used 74000K [0x0000000700000000, 0x0000000700100780, 0x00000007c0000000)
  region size 1024K, 1 young (1024K), 1 survivors (1024K)
 Metaspace       used 85522K, capacity 87279K, committed 94844K, reserved 1130496K
  class space    used 11017K, capacity 11392K, committed 12924K, reserved 1048576K
}
Event: 7784.955 GC heap before
{Heap before GC invocations=1095 (full 610):
 garbage-first heap   total 245760K, used 134416K [0x0000000700000000, 0x0000000700100780, 0x00000007c0000000)
  region size 1024K, 60 young (61440K), 1 survivors (1024K)
 Metaspace       used 85522K, capacity 87279K, committed 94844K, reserved 1130496K
  class space    used 11017K, capacity 11392K, committed 12924K, reserved 1048576K
}
Event: 7784.958 GC heap after
{Heap after GC invocations=1096 (full 610):
 garbage-first heap   total 245760K, used 74361K [0x0000000700000000, 0x0000000700100780, 0x00000007c0000000)
  region size 1024K, 1 young (1024K), 1 survivors (1024K)
 Metaspace       used 85522K, capacity 87279K, committed 94844K, reserved 1130496K
  class space    used 11017K, capacity 11392K, committed 12924K, reserved 1048576K
}

